Mar-18 14:42:59.705 [main] DEBUG nextflow.cli.Launcher - $> nextflow run annotation.nf
Mar-18 14:43:00.337 [main] INFO  nextflow.cli.CmdRun - N E X T F L O W  ~  version 21.04.1
Mar-18 14:43:00.434 [main] INFO  nextflow.cli.CmdRun - Launching `annotation.nf` [intergalactic_hoover] - revision: 7f9d5e5975
Mar-18 14:43:00.668 [main] DEBUG nextflow.plugin.PluginsFacade - Setting up plugin manager > mode=prod; plugins-dir=/home/giabaohan/.nextflow/plugins
Mar-18 14:43:00.670 [main] DEBUG nextflow.plugin.PluginsFacade - Plugins default=[]
Mar-18 14:43:00.673 [main] DEBUG nextflow.plugin.PluginsFacade - Plugins local root: .nextflow/plr/empty
Mar-18 14:43:00.751 [main] INFO  org.pf4j.DefaultPluginStatusProvider - Enabled plugins: []
Mar-18 14:43:00.761 [main] INFO  org.pf4j.DefaultPluginStatusProvider - Disabled plugins: []
Mar-18 14:43:00.765 [main] INFO  org.pf4j.DefaultPluginManager - PF4J version 3.4.1 in 'deployment' mode
Mar-18 14:43:00.842 [main] INFO  org.pf4j.AbstractPluginManager - No plugins
Mar-18 14:43:01.040 [main] DEBUG nextflow.Session - Session uuid: bb1890bb-097d-4c96-b6db-2a050b457561
Mar-18 14:43:01.040 [main] DEBUG nextflow.Session - Run name: intergalactic_hoover
Mar-18 14:43:01.066 [main] DEBUG nextflow.Session - Executor pool size: 68
Mar-18 14:43:01.337 [main] DEBUG nextflow.cli.CmdRun - 
  Version: 21.04.1 build 5556
  Created: 14-05-2021 15:20 UTC (11:20 EDT)
  System: Linux 3.10.0-1160.36.2.el7.x86_64
  Runtime: Groovy 3.0.7 on Java HotSpot(TM) 64-Bit Server VM 1.8.0_91-b14
  Encoding: UTF-8 (UTF-8)
  Process: 43173@qlogin12.ccm.sickkids.ca [172.20.12.102]
  CPUs: 68 - Mem: 168.1 GB (2.2 GB) - Swap: 0 (0)
Mar-18 14:43:01.487 [main] DEBUG nextflow.Session - Work-dir: /home/giabaohan/jobs/work [nfs]
Mar-18 14:43:01.488 [main] DEBUG nextflow.Session - Script base path does not exist or is not a directory: /home/giabaohan/jobs/bin
Mar-18 14:43:01.500 [main] DEBUG nextflow.executor.ExecutorFactory - Extension executors providers=[]
Mar-18 14:43:01.543 [main] DEBUG nextflow.Session - Observer factory: DefaultObserverFactory
Mar-18 14:43:03.732 [main] DEBUG nextflow.Session - Session start invoked
Mar-18 14:43:06.820 [main] DEBUG nextflow.script.ScriptRunner - > Launching execution
Mar-18 14:43:06.874 [main] DEBUG nextflow.Session - Workflow process names [dsl1]: queryCADD, getUniqueVariants, queryGnomAD, mergeAnnotations, convertVariantsToCSV
Mar-18 14:43:08.039 [main] DEBUG nextflow.executor.ExecutorFactory - << taskConfig executor: null
Mar-18 14:43:08.039 [main] DEBUG nextflow.executor.ExecutorFactory - >> processorType: 'local'
Mar-18 14:43:08.144 [main] DEBUG nextflow.executor.Executor - [warm up] executor > local
Mar-18 14:43:08.150 [main] DEBUG n.processor.LocalPollingMonitor - Creating local task monitor for executor 'local' > cpus=68; memory=168.1 GB; capacity=68; pollInterval=100ms; dumpInterval=5m
Mar-18 14:43:08.990 [main] DEBUG nextflow.executor.ExecutorFactory - << taskConfig executor: null
Mar-18 14:43:08.990 [main] DEBUG nextflow.executor.ExecutorFactory - >> processorType: 'local'
Mar-18 14:43:09.059 [main] DEBUG nextflow.executor.ExecutorFactory - << taskConfig executor: null
Mar-18 14:43:09.059 [main] DEBUG nextflow.executor.ExecutorFactory - >> processorType: 'local'
Mar-18 14:43:09.125 [main] DEBUG nextflow.executor.ExecutorFactory - << taskConfig executor: null
Mar-18 14:43:09.125 [main] DEBUG nextflow.executor.ExecutorFactory - >> processorType: 'local'
Mar-18 14:43:09.226 [main] DEBUG nextflow.executor.ExecutorFactory - << taskConfig executor: null
Mar-18 14:43:09.226 [main] DEBUG nextflow.executor.ExecutorFactory - >> processorType: 'local'
Mar-18 14:43:09.418 [main] DEBUG nextflow.Session - Session aborted -- Cause: Channel `variants_ch` has been used twice as an input by process `mergeAnnotations` and process `getUniqueVariants`
Mar-18 14:43:09.689 [main] DEBUG nextflow.Session - The following nodes are still active:
[process] convertVariantsToCSV
  status=ACTIVE
  port 0: (queue) closed; channel: v
  port 1: (cntrl) -     ; channel: $

[process] getUniqueVariants
  status=ACTIVE
  port 0: (queue) OPEN  ; channel: v
  port 1: (cntrl) -     ; channel: $

[process] queryCADD
  status=ACTIVE
  port 0: (queue) OPEN  ; channel: u
  port 1: (cntrl) -     ; channel: $

[process] queryGnomAD
  status=ACTIVE
  port 0: (queue) OPEN  ; channel: u
  port 1: (cntrl) -     ; channel: $

Mar-18 14:43:09.793 [main] ERROR nextflow.cli.Launcher - @unknown
nextflow.dag.MultipleInputChannelException: Channel `variants_ch` has been used twice as an input by process `mergeAnnotations` and process `getUniqueVariants`
	at sun.reflect.NativeConstructorAccessorImpl.newInstance0(Native Method)
	at sun.reflect.NativeConstructorAccessorImpl.newInstance(NativeConstructorAccessorImpl.java:62)
	at sun.reflect.DelegatingConstructorAccessorImpl.newInstance(DelegatingConstructorAccessorImpl.java:45)
	at java.lang.reflect.Constructor.newInstance(Constructor.java:423)
	at org.codehaus.groovy.reflection.CachedConstructor.invoke(CachedConstructor.java:72)
	at org.codehaus.groovy.runtime.callsite.ConstructorSite$ConstructorSiteNoUnwrapNoCoerce.callConstructor(ConstructorSite.java:105)
	at org.codehaus.groovy.runtime.callsite.CallSiteArray.defaultCallConstructor(CallSiteArray.java:59)
	at org.codehaus.groovy.runtime.callsite.AbstractCallSite.callConstructor(AbstractCallSite.java:263)
	at org.codehaus.groovy.runtime.callsite.AbstractCallSite.callConstructor(AbstractCallSite.java:295)
	at nextflow.dag.DAG.inbound(DAG.groovy:206)
	at sun.reflect.NativeMethodAccessorImpl.invoke0(Native Method)
	at sun.reflect.NativeMethodAccessorImpl.invoke(NativeMethodAccessorImpl.java:62)
	at sun.reflect.DelegatingMethodAccessorImpl.invoke(DelegatingMethodAccessorImpl.java:43)
	at java.lang.reflect.Method.invoke(Method.java:498)
	at org.codehaus.groovy.runtime.callsite.PlainObjectMetaMethodSite.doInvoke(PlainObjectMetaMethodSite.java:43)
	at org.codehaus.groovy.runtime.callsite.PogoMetaMethodSite$PogoCachedMethodSiteNoUnwrapNoCoerce.invoke(PogoMetaMethodSite.java:193)
	at org.codehaus.groovy.runtime.callsite.PogoMetaMethodSite.callCurrent(PogoMetaMethodSite.java:61)
	at org.codehaus.groovy.runtime.callsite.AbstractCallSite.callCurrent(AbstractCallSite.java:194)
	at nextflow.dag.DAG.addVertex(DAG.groovy:145)
	at sun.reflect.NativeMethodAccessorImpl.invoke0(Native Method)
	at sun.reflect.NativeMethodAccessorImpl.invoke(NativeMethodAccessorImpl.java:62)
	at sun.reflect.DelegatingMethodAccessorImpl.invoke(DelegatingMethodAccessorImpl.java:43)
	at java.lang.reflect.Method.invoke(Method.java:498)
	at org.codehaus.groovy.runtime.callsite.PlainObjectMetaMethodSite.doInvoke(PlainObjectMetaMethodSite.java:43)
	at org.codehaus.groovy.runtime.callsite.PogoMetaMethodSite$PogoCachedMethodSiteNoUnwrapNoCoerce.invoke(PogoMetaMethodSite.java:193)
	at org.codehaus.groovy.runtime.callsite.PogoMetaMethodSite.callCurrent(PogoMetaMethodSite.java:61)
	at nextflow.dag.DAG.addProcessNode(DAG.groovy:103)
	at nextflow.dag.NodeMarker.addProcessNode(NodeMarker.groovy:52)
	at nextflow.dag.NodeMarker$addProcessNode.call(Unknown Source)
	at nextflow.processor.TaskProcessor.createOperator(TaskProcessor.groovy:524)
	at nextflow.processor.TaskProcessor.run(TaskProcessor.groovy:425)
	at nextflow.processor.TaskProcessor$run.call(Unknown Source)
	at nextflow.script.BaseScript.process(BaseScript.groovy:116)
	at sun.reflect.NativeMethodAccessorImpl.invoke0(Native Method)
	at sun.reflect.NativeMethodAccessorImpl.invoke(NativeMethodAccessorImpl.java:62)
	at sun.reflect.DelegatingMethodAccessorImpl.invoke(DelegatingMethodAccessorImpl.java:43)
	at java.lang.reflect.Method.invoke(Method.java:498)
	at org.codehaus.groovy.runtime.callsite.PlainObjectMetaMethodSite.doInvoke(PlainObjectMetaMethodSite.java:43)
	at org.codehaus.groovy.runtime.callsite.PogoMetaMethodSite$PogoCachedMethodSiteNoUnwrapNoCoerce.invoke(PogoMetaMethodSite.java:193)
	at org.codehaus.groovy.runtime.callsite.PogoMetaMethodSite.callCurrent(PogoMetaMethodSite.java:61)
	at org.codehaus.groovy.runtime.callsite.CallSiteArray.defaultCallCurrent(CallSiteArray.java:51)
	at org.codehaus.groovy.runtime.callsite.AbstractCallSite.callCurrent(AbstractCallSite.java:171)
	at org.codehaus.groovy.runtime.callsite.AbstractCallSite.callCurrent(AbstractCallSite.java:194)
	at Script_ef13b31e.runScript(Script_ef13b31e:102)
	at nextflow.script.BaseScript.runDsl1(BaseScript.groovy:164)
	at nextflow.script.BaseScript.run(BaseScript.groovy:200)
	at nextflow.script.ScriptParser.runScript(ScriptParser.groovy:221)
	at nextflow.script.ScriptRunner.run(ScriptRunner.groovy:212)
	at nextflow.script.ScriptRunner.execute(ScriptRunner.groovy:120)
	at nextflow.cli.CmdRun.run(CmdRun.groovy:302)
	at nextflow.cli.Launcher.run(Launcher.groovy:475)
	at nextflow.cli.Launcher.main(Launcher.groovy:657)
